2023-06-14 09:40:47 INFO  Route : POST  = /products In:routes/product.js=====================> req.body : {} 
2023-06-14 09:40:51 INFO  Route : POST  = /products In:routes/product.js=====================> req.body : {} 
2023-06-14 09:40:54 INFO  Route : POST  = /products In:routes/product.js=====================> req.body : {"sort":{"field":"rating","order":"asc"}} 
2023-06-14 09:40:57 INFO  Route : POST  = /products In:routes/product.js=====================> req.body : {"pagination":{"page":3,"productsPerPage":1}} 
2023-06-14 09:41:00 INFO  Route : POST  = /products In:routes/product.js=====================> req.body : {"filter":{"isFeatured":true}} 
2023-06-14 09:41:04 INFO  Route : POST  = /products In:routes/product.js=====================> req.body : {"filter":{"isMarkedFavorite":true}} 
2023-06-14 09:41:11 INFO  Route : POST  = /products In:routes/product.js=====================> req.body : {"filter":{"price":[{"min":0,"max":10},{"min":800,"max":1000}]}} 
2023-06-14 09:48:12 INFO  Route : POST  = /products In:routes/product.js=====================> req.body : {"filter":{"search":"backpack"}} 
2023-06-14 09:48:15 INFO  Route : POST  = /products In:routes/product.js=====================> req.body : {"filter":{"color":["Black","Red"]}} 
2023-06-14 09:48:18 INFO  Route : POST  = /products In:routes/product.js=====================> req.body : {"filter":{"size":["M","L"]}} 
2023-06-14 09:50:13 INFO  Route : POST  = /products In:routes/product.js=====================> req.body : {"isCategoryList":true} 
2023-06-14 09:50:19 INFO  Route : POST  = /products In:routes/product.js=====================> req.body : {"filter":{"category":"electronics"}} 
2023-06-14 10:01:14 INFO  Route : DELETE = products/review In:routes/product.js  cartId => => 64894273040b5e1a0ac2db4e 
2023-06-14 10:08:57 ERROR error at /product/add-review route !productModel is not defined
{}
ReferenceError: productModel is not defined
    at addReview (/home/swapnils/Desktop/11.APIs with Angular teamates/Day-15-14-06-2023/updates/Online-shop-website-api/controller/product/review.controller.js:9:27)
    at Layer.handle [as handle_request] (/home/swapnils/Desktop/11.APIs with Angular teamates/Day-15-14-06-2023/updates/Online-shop-website-api/node_modules/express/lib/router/layer.js:95:5)
    at next (/home/swapnils/Desktop/11.APIs with Angular teamates/Day-15-14-06-2023/updates/Online-shop-website-api/node_modules/express/lib/router/route.js:137:13)
    at authentication (/home/swapnils/Desktop/11.APIs with Angular teamates/Day-15-14-06-2023/updates/Online-shop-website-api/comman/middlewares.js:52:16)
    at process.processTicksAndRejections (node:internal/process/task_queues:95:5) 
2023-06-14 10:10:36 INFO  Route : POST = products/review In:routes/product.js{"userId":"6487f9f72a894ee3edf609d5","productId":"646f3bac5d3d7c99439ec903","review":"Testing Date: 14 June 10 am","rating":4} 
2023-06-14 10:53:32 INFO  Route : POST = products/review In:routes/product.js{"userId":"6487f9f72a894ee3edf609d5","productId":"646f3bac5d3d7c99439ec903","review":"Testing Date: 14 June 10 am","rating":4} 
2023-06-14 17:11:34 INFO  Route : POST  = /products In:routes/product.js=====================> req.body : {} 
