2023-06-13 17:34:30 INFO  Route : POST = products/review In:routes/product.js{"userId":"6486c2883d1a7e8aa20c87b0","productId":"646f3bac5d3d7c99439ec903","review":"Nice product date:7/6/2023","rating":4} 
2023-06-13 17:35:05 INFO  Route : POST = products/review In:routes/product.js{"userId":"6486c2883d1a7e8aa20c87b0","productId":"646f3bac5d3d7c99439ec903","review":"Nice product date:7/6/2023","rating":4} 
2023-06-13 17:36:11 INFO  Route : POST  = /products In:routes/product.js=====================> req.body : {"reviewId":"647f2ff6bbfd3355caf88e95","rating":5,"review":"fire reveiew"} 
2023-06-13 17:50:46 INFO  Route : POST = products/review In:routes/product.js{"userId":"6487f9f72a894ee3edf609d5","productId":"646f3bac5d3d7c99439ec903","review":"Nice product date:7/6/2023","rating":4} 
2023-06-13 17:51:18 INFO  Route : POST = products/review In:routes/product.js{"userId":"6487f9f72a894ee3edf609d5","productId":"646f3bac5d3d7c99439ec903","review":"testing controllers","rating":4} 
2023-06-13 17:51:35 INFO  Route : POST  = /products In:routes/product.js=====================> req.body : {} 
2023-06-13 17:51:41 INFO  Route : POST  = /products In:routes/product.js=====================> req.body : {} 
2023-06-13 17:51:42 INFO  Route : POST  = /products In:routes/product.js=====================> req.body : {} 
2023-06-13 17:51:42 INFO  Route : POST  = /products In:routes/product.js=====================> req.body : {} 
2023-06-13 17:51:43 INFO  Route : POST  = /products In:routes/product.js=====================> req.body : {} 
2023-06-13 17:51:43 INFO  Route : POST  = /products In:routes/product.js=====================> req.body : {} 
2023-06-13 17:52:33 INFO  Route : POST = products/review In:routes/product.js{"userId":"6486c2883d1a7e8aa20c87b0","productId":"646f3bac5d3d7c99439ec903","review":"Nice product date:7/6/2023","rating":4} 
2023-06-13 17:52:55 INFO  Route : POST  = /products In:routes/product.js=====================> req.body : {} 
2023-06-13 17:53:43 INFO  Route : POST  = /products In:routes/product.js=====================> req.body : {} 
2023-06-13 17:54:22 INFO  Route : POST  = /products In:routes/product.js=====================> req.body : {} 
2023-06-13 17:55:37 INFO  Route : POST  = /products In:routes/product.js=====================> req.body : {} 
2023-06-13 18:19:36 ERROR Error in /products/cart route productModel is not defined
{}
ReferenceError: productModel is not defined
    at addAndUpdateCart (/home/swapnils/Desktop/11.APIs with Angular teamates/Day-14-13-04-2023/updates-2/Online-shop-website-api/controller/product/cart.controller.js:11:29)
    at Layer.handle [as handle_request] (/home/swapnils/Desktop/11.APIs with Angular teamates/Day-14-13-04-2023/updates-2/Online-shop-website-api/node_modules/express/lib/router/layer.js:95:5)
    at next (/home/swapnils/Desktop/11.APIs with Angular teamates/Day-14-13-04-2023/updates-2/Online-shop-website-api/node_modules/express/lib/router/route.js:137:13)
    at authentication (/home/swapnils/Desktop/11.APIs with Angular teamates/Day-14-13-04-2023/updates-2/Online-shop-website-api/comman/middlewares.js:51:16)
    at process.processTicksAndRejections (node:internal/process/task_queues:95:5) 
2023-06-13 18:20:45 ERROR Error in /products/cart route ObjectId is not defined
{}
ReferenceError: ObjectId is not defined
    at addAndUpdateCart (/home/swapnils/Desktop/11.APIs with Angular teamates/Day-14-13-04-2023/updates-2/Online-shop-website-api/controller/product/cart.controller.js:24:24)
    at process.processTicksAndRejections (node:internal/process/task_queues:95:5) 
2023-06-13 18:22:40 INFO  Route : GET = products/review In:routes/product.js req.user._id = = > "6487f9f72a894ee3edf609d5" 
2023-06-13 18:22:48 INFO  Route : GET = products/review In:routes/product.js req.user._id = = > "6487f9f72a894ee3edf609d5" 
2023-06-13 18:23:57 INFO  Route : GET = products/review In:routes/product.js req.user._id = = > "6487f9f72a894ee3edf609d5" 
2023-06-13 18:32:59 INFO  Route : GET = products/review In:routes/product.js req.user._id = = > "6487f9f72a894ee3edf609d5" 
2023-06-13 18:33:09 INFO  Route : GET = products/review In:routes/product.js req.user._id = = > "6487f9f72a894ee3edf609d5" 
2023-06-13 18:33:49 INFO  Route : DELETE = products/review In:routes/product.js  cartId => => 64886642120726d204f523ac 
2023-06-13 18:33:53 INFO  Route : GET = products/review In:routes/product.js req.user._id = = > "6487f9f72a894ee3edf609d5" 
2023-06-13 18:45:16 ERROR error at GET /products/filters route...productModel is not defined
{}
ReferenceError: productModel is not defined
    at getProductFilter (/home/swapnils/Desktop/11.APIs with Angular teamates/Day-14-13-04-2023/updates-2/Online-shop-website-api/controller/product/filter.controller.js:9:29)
    at Layer.handle [as handle_request] (/home/swapnils/Desktop/11.APIs with Angular teamates/Day-14-13-04-2023/updates-2/Online-shop-website-api/node_modules/express/lib/router/layer.js:95:5)
    at next (/home/swapnils/Desktop/11.APIs with Angular teamates/Day-14-13-04-2023/updates-2/Online-shop-website-api/node_modules/express/lib/router/route.js:137:13)
    at Route.dispatch (/home/swapnils/Desktop/11.APIs with Angular teamates/Day-14-13-04-2023/updates-2/Online-shop-website-api/node_modules/express/lib/router/route.js:112:3)
    at Layer.handle [as handle_request] (/home/swapnils/Desktop/11.APIs with Angular teamates/Day-14-13-04-2023/updates-2/Online-shop-website-api/node_modules/express/lib/router/layer.js:95:5)
    at /home/swapnils/Desktop/11.APIs with Angular teamates/Day-14-13-04-2023/updates-2/Online-shop-website-api/node_modules/express/lib/router/index.js:281:22
    at Function.process_params (/home/swapnils/Desktop/11.APIs with Angular teamates/Day-14-13-04-2023/updates-2/Online-shop-website-api/node_modules/express/lib/router/index.js:335:12)
    at next (/home/swapnils/Desktop/11.APIs with Angular teamates/Day-14-13-04-2023/updates-2/Online-shop-website-api/node_modules/express/lib/router/index.js:275:10)
    at Function.handle (/home/swapnils/Desktop/11.APIs with Angular teamates/Day-14-13-04-2023/updates-2/Online-shop-website-api/node_modules/express/lib/router/index.js:174:3)
    at router (/home/swapnils/Desktop/11.APIs with Angular teamates/Day-14-13-04-2023/updates-2/Online-shop-website-api/node_modules/express/lib/router/index.js:47:12) 
2023-06-13 18:50:06 INFO  Route : POST  = /products In:routes/product.js=====================> req.body : {} 
2023-06-13 18:50:13 INFO  Route : POST  = /products In:routes/product.js=====================> req.body : {} 
2023-06-13 18:50:22 INFO  Route : POST  = /products In:routes/product.js=====================> req.body : {} 
2023-06-13 18:51:16 INFO  Route : POST  = /products In:routes/product.js=====================> req.body : {} 
2023-06-13 18:51:32 INFO  Route : POST  = /products In:routes/product.js=====================> req.body : {"sort":{"field":"rating","order":"desc"}} 
2023-06-13 18:51:43 INFO  Route : POST  = /products In:routes/product.js=====================> req.body : {"sort":{"field":"rating","order":"asc"}} 
2023-06-13 18:51:53 INFO  Route : POST  = /products In:routes/product.js=====================> req.body : {"pagination":{"page":3,"productsPerPage":1}} 
2023-06-13 18:51:57 INFO  Route : POST  = /products In:routes/product.js=====================> req.body : {"pagination":{"page":3,"productsPerPage":1}} 
2023-06-13 18:52:10 INFO  Route : POST  = /products In:routes/product.js=====================> req.body : {"filter":{"isFeatured":true}} 
2023-06-13 18:52:24 INFO  Route : POST  = /products In:routes/product.js=====================> req.body : {"filter":{"isMarkedFavorite":true}} 
2023-06-13 18:52:35 INFO  Route : POST  = /products In:routes/product.js=====================> req.body : {"filter":{"price":[{"min":0,"max":10},{"min":800,"max":1000}]}} 
2023-06-13 18:52:58 INFO  Route : POST  = /products In:routes/product.js=====================> req.body : {"filter":{"search":"backpack"}} 
2023-06-13 18:53:06 INFO  Route : POST  = /products In:routes/product.js=====================> req.body : {"filter":{"color":["Black","Red"]}} 
2023-06-13 18:53:13 INFO  Route : POST  = /products In:routes/product.js=====================> req.body : {"filter":{"size":["M","L"]}} 
